<?xml version="1.0" encoding="UTF-8"?>
<!-- Generated by org.testng.reporters.JUnitReportReporter -->
<testsuite hostname="IBM-DOTNET-001" name="demos.Demoshybrid" tests="1" failures="0" timestamp="12 Aug 2021 04:49:01 GMT" time="107.242" errors="0">
  <testcase name="testcase4" time="107.242" classname="demos.Demoshybrid"/>
</testsuite> <!-- demos.Demoshybrid -->
